2025-03-07 13:53:26 +0000 discord.client WARNING  PyNaCl is not installed, voice will NOT be supported
2025-03-07 13:53:26 +0000 __main__   INFO     Starting Discord bot...
2025-03-07 13:53:26 +0000 discord.client INFO     logging in using static token
2025-03-07 13:53:27 +0000 cogs.basic_commands INFO     Basic commands registered
2025-03-07 13:53:27 +0000 bot_client INFO     Synced commands for Dune2000Pere2#4934
2025-03-07 13:53:28 +0000 discord.gateway INFO     Shard ID None has connected to Gateway (Session ID: f1a6651a9bf7efebdca4162adb8c0132).
2025-03-07 13:53:30 +0000 bot_client INFO     Logged in as Dune2000Pere2#4934
2025-03-07 13:53:30 +0000 bot_client INFO     ------
2025-03-07 14:23:50 +0000 discord.gateway INFO     Shard ID None has successfully RESUMED session f1a6651a9bf7efebdca4162adb8c0132.
2025-03-07 15:00:21 +0000 discord.client WARNING  PyNaCl is not installed, voice will NOT be supported
2025-03-07 15:00:21 +0000 __main__   INFO     Starting Discord bot...
2025-03-07 15:00:21 +0000 discord.client INFO     logging in using static token
2025-03-07 15:00:22 +0000 cogs.basic_commands INFO     Basic commands registered
2025-03-07 15:00:22 +0000 bot_client INFO     Synced commands for Dune2000Pere2#4934
2025-03-07 15:00:23 +0000 discord.gateway INFO     Shard ID None has connected to Gateway (Session ID: 2061b2e40008f2b8b204f60d73985ed1).
2025-03-07 15:00:25 +0000 bot_client INFO     Logged in as Dune2000Pere2#4934
2025-03-07 15:00:25 +0000 bot_client INFO     ------
2025-03-07 15:05:25 +0000 discord.client WARNING  PyNaCl is not installed, voice will NOT be supported
2025-03-07 15:05:25 +0000 __main__   INFO     Starting Discord bot...
2025-03-07 15:05:25 +0000 discord.client INFO     logging in using static token
2025-03-07 15:05:26 +0000 cogs.basic_commands INFO     Basic commands registered
2025-03-07 15:05:26 +0000 bot_client INFO     Synced commands for Dune2000Pere2#4934
2025-03-07 15:05:27 +0000 discord.gateway INFO     Shard ID None has connected to Gateway (Session ID: d1f937e509fb755fab1748ef82d99288).
2025-03-07 15:05:29 +0000 bot_client INFO     Logged in as Dune2000Pere2#4934
2025-03-07 15:05:29 +0000 bot_client INFO     ------
2025-03-07 15:06:24 +0000 discord.client WARNING  PyNaCl is not installed, voice will NOT be supported
2025-03-07 15:06:24 +0000 __main__   INFO     Starting Discord bot...
2025-03-07 15:06:24 +0000 discord.client INFO     logging in using static token
2025-03-07 15:06:25 +0000 cogs.basic_commands INFO     Trying to register the embed!!!
2025-03-07 15:06:25 +0000 cogs.basic_commands INFO     Basic commands registered
2025-03-07 15:06:27 +0000 bot_client INFO     Synced commands for Dune2000Pere2#4934
2025-03-07 15:06:28 +0000 discord.gateway INFO     Shard ID None has connected to Gateway (Session ID: edea6b487ebee39f3393895198be2495).
2025-03-07 15:06:30 +0000 bot_client INFO     Logged in as Dune2000Pere2#4934
2025-03-07 15:06:30 +0000 bot_client INFO     ------
2025-03-07 15:12:04 +0000 discord.client WARNING  PyNaCl is not installed, voice will NOT be supported
2025-03-07 15:12:04 +0000 __main__   INFO     Starting Discord bot...
2025-03-07 15:12:04 +0000 discord.client INFO     logging in using static token
2025-03-07 15:12:05 +0000 cogs.basic_commands INFO     Trying to register the embed!!!
2025-03-07 15:12:05 +0000 cogs.basic_commands INFO     Basic commands registered
2025-03-07 15:12:06 +0000 bot_client INFO     Synced commands for Dune2000Pere2#4934
2025-03-07 15:12:06 +0000 discord.gateway INFO     Shard ID None has connected to Gateway (Session ID: bde7ee9bafca499db2c0969848464366).
2025-03-07 15:12:08 +0000 bot_client INFO     Logged in as Dune2000Pere2#4934
2025-03-07 15:12:08 +0000 bot_client INFO     ------
2025-03-07 15:17:48 +0000 discord.client WARNING  PyNaCl is not installed, voice will NOT be supported
2025-03-07 15:17:48 +0000 __main__   INFO     Starting Discord bot...
2025-03-07 15:17:48 +0000 discord.client INFO     logging in using static token
2025-03-07 15:17:49 +0000 cogs.basic_commands INFO     Trying to register the embed!!!
2025-03-07 15:17:49 +0000 cogs.basic_commands INFO     Basic commands registered
2025-03-07 15:17:49 +0000 bot_client INFO     Synced commands for Dune2000Pere2#4934
2025-03-07 15:17:50 +0000 discord.gateway INFO     Shard ID None has connected to Gateway (Session ID: bcad3685d9dc7fffe9eddccc03e86d0a).
2025-03-07 15:17:52 +0000 bot_client INFO     Logged in as Dune2000Pere2#4934
2025-03-07 15:17:52 +0000 bot_client INFO     ------
2025-03-07 15:21:14 +0000 discord.client WARNING  PyNaCl is not installed, voice will NOT be supported
2025-03-07 15:21:14 +0000 __main__   INFO     Starting Discord bot...
2025-03-07 15:21:14 +0000 discord.client INFO     logging in using static token
2025-03-07 15:21:15 +0000 cogs.basic_commands INFO     Trying to register the embed!!!
2025-03-07 15:21:15 +0000 cogs.basic_commands INFO     Basic commands registered
2025-03-07 15:21:15 +0000 bot_client INFO     Synced commands for Dune2000Pere2#4934
2025-03-07 15:21:16 +0000 discord.gateway INFO     Shard ID None has connected to Gateway (Session ID: 8a52be9e77347ea60e837d66fa569e85).
2025-03-07 15:21:18 +0000 bot_client INFO     Logged in as Dune2000Pere2#4934
2025-03-07 15:21:18 +0000 bot_client INFO     ------
2025-03-07 15:25:38 +0000 discord.client WARNING  PyNaCl is not installed, voice will NOT be supported
2025-03-07 15:25:38 +0000 __main__   INFO     Starting Discord bot...
2025-03-07 15:25:38 +0000 discord.client INFO     logging in using static token
2025-03-07 15:25:38 +0000 cogs.basic_commands INFO     Basic commands registered
2025-03-07 15:25:39 +0000 bot_client INFO     Synced commands for Dune2000Pere2#4934
2025-03-07 15:25:39 +0000 discord.gateway INFO     Shard ID None has connected to Gateway (Session ID: aef4b8ca8fe4fb39ce60791699e8d4ce).
2025-03-07 15:25:41 +0000 bot_client INFO     Logged in as Dune2000Pere2#4934
2025-03-07 15:25:41 +0000 bot_client INFO     ------
2025-03-07 15:55:01 +0000 discord.client WARNING  PyNaCl is not installed, voice will NOT be supported
2025-03-07 15:55:01 +0000 __main__   INFO     Starting Discord bot...
2025-03-07 15:55:01 +0000 discord.client INFO     logging in using static token
2025-03-07 15:55:02 +0000 cogs.basic_commands INFO     Basic commands registered
2025-03-07 15:55:03 +0000 bot_client INFO     Synced commands for Dune2000Pere2#4934
2025-03-07 15:55:03 +0000 discord.gateway INFO     Shard ID None has connected to Gateway (Session ID: 5cc2a4987751387dce199db343565969).
2025-03-07 15:55:05 +0000 bot_client INFO     Logged in as Dune2000Pere2#4934
2025-03-07 15:55:05 +0000 bot_client INFO     ------
